7.85	48.00	1.0	323	1st location - erster Ort
31.25	30.05	2.0	0	Ägypten (Kairo)
1.50	42.50	1.0	0	Andorra (Andorra)
0.00	0.00	0.0	0	Äquator
-58.50	-34.67	-3.0	0	Argentinien (Buenos Aires)
130.90	-12.38	9.5	0	Australien (Darwin)
151.17	-33.54	10.0	0	Australien (Sydney)
4.35	50.83	1.0	0	Belgien (Brüssel)
-68.17	-16.50	-4.0	0	Bolivien (La Paz)
-47.97	-15.77	-3.0	0	Brasilien (Brasilia)
-43.27	-22.90	-3.0	0	Brasilien (Rio de Janeiro)
-80.00	19.00	-5.0	0	Cayman Is. (Brit.)
-70.67	-33.50	-4.0	0	Chile (Santiago)
118.80	32.08	8.0	0	China (Nanking)
12.57	55.72	1.0	0	Dänemark (Kopenhagen)
13.43	52.50	1.0	0	Deutschland (Berlin)
7.21	51.49	1.0	0	Deutschland (Bochum)
8.80	53.08	1.0	0	Deutschland (Bremen)
8.68	50.10	1.0	0	Deutschland (Frankfurt am Main)
7.85	48.00	1.0	278	Deutschland (Freiburg)
10.00	53.55	1.0	0	Deutschland (Hamburg)
9.73	52.38	1.0	0	Deutschland (Hannover)
12.33	51.33	1.0	0	Deutschland (Leipzig)
11.58	48.13	1.0	0	Deutschland (München)
9.20	48.78	1.0	0	Deutschland (Stuttgart)
-79.88	-2.26	-5.0	0	Ecuador (Guayaquil)
-89.17	13.67	-6.0	0	El Salvador (San Salvador)
-59.00	-52.00	-4.0	0	Falkland Inseln
25.00	60.13	2.0	0	Finnland (Helsinki)
-0.57	44.83	1.0	0	Frankreich (Bordeaux)
4.83	45.77	1.0	0	Frankreich (Lyon)
4.00	43.60	1.0	0	Frankreich (Montpellier)
7.20	43.60	1.0	0	Frankreich (Nizza)
2.33	48.87	1.0	0	Frankreich (Paris)
23.73	38.00	2.0	0	Griechenland (Athen)
37.58	55.75	3.0	0	GUS (Moskau)
30.42	59.92	3.0	0	GUS (St. Petersburg)
114.18	22.25	8.0	0	Hongkong
88.35	22.58	5.5	0	Indien (Kalkutta)
77.22	28.37	5.5	0	Indien (Neu-Delhi)
-8.47	51.90	0.0	0	Irland (Cork)
-6.25	53.33	0.0	0	Irland (Dublin)
-21.97	61.15	-1.0	0	Island (Reykjavik)
34.77	32.08	2.0	0	Israel (Tel Aviv)
11.25	43.78	1.0	0	Italien (Florenz)
8.93	44.40	1.0	0	Italien (Genua)
14.25	40.83	1.0	0	Italien (Neapel)
12.50	41.88	1.0	0	Italien (Rom)
13.80	45.70	1.0	0	Italien (Triest)
12.33	45.43	1.0	0	Italien (Venedig)
139.77	35.70	9.0	0	Japan (Tokyo)
-133.50	68.30	-8.0	0	Kanada (Inuvik)
-71.25	47.83	-5.0	0	Kanada (Quebec)
-66.00	45.30	-4.0	0	Kanada (Saint John)
-123.07	49.15	-8.0	0	Kanada (Vancouver)
-15.17	28.50	-1.0	0	Kanarische Inseln
39.67	-4.07	3.0	0	Kenia (Mombasa)
-74.08	4.63	-5.0	0	Kolumbien (Bogota)
-82.42	23.12	-5.0	0	Kuba (Havanna)
6.13	49.62	1.0	0	Luxemburg (Luxemburg)
101.70	3.13	7.5	0	Malaysia (Kuala Lumpur)
-8.00	31.82	0.0	0	Marokka (Marrakesch)
-99.17	19.42	-6.0	0	Mexiko (Mexico City)
7.42	43.73	1.0	0	Monaco (Monte Carlo)
85.32	27.70	5.5	0	Nepal (Katmandu)
174.75	-36.92	12.0	0	Neuseeland (Auckland)
170.50	-45.87	12.0	0	Neuseeland (Dunedin)
4.90	52.35	1.0	0	Niederlande (Amsterdam)
5.70	50.85	1.0	0	Niederlande (Maastricht)
4.48	51.92	1.0	0	Niederlande (Rotterdam)
0.00	90.00	0.0	0	Nordpol
5.33	60.38	1.0	0	Norwegen (Bergen)
17.42	68.43	1.0	0	Norwegen (Narvik)
10.75	59.93	1.0	0	Norwegen (Oslo)
10.38	63.60	1.0	0	Norwegen (Trondheim)
-109.33	-27.08	-7.0	0	Osterinsel
13.05	47.90	1.0	0	Österreich (Salzburg)
16.37	48.22	1.0	0	Österreich (Wien)
-77.05	-12.10	-5.0	0	Peru (Lima)
120.98	14.60	8.0	0	Philippinen (Manila)
21.00	52.25	1.0	0	Polen (Warschau)
-9.13	38.73	0.0	0	Portugal (Lissabon)
-8.62	41.15	0.0	0	Portugal (Porto)
13.00	55.58	1.0	0	Schweden (Malmö)
18.08	59.33	1.0	0	Schweden (Stockholm)
7.60	47.55	1.0	0	Schweiz (Basel)
8.55	47.38	1.0	0	Schweiz (Zürich)
2.17	41.42	1.0	0	Spanien (Barcelona)
-6.30	36.40	1.0	0	Spanien (Cadiz)
-3.72	40.42	1.0	0	Spanien (Madrid)
-4.42	36.72	1.0	0	Spanien (Malaga)
28.00	-26.25	2.0	0	Südafrika (Johannesburg)
0.00	-90.00	0.0	0	Südpol
91.17	29.68	6.0	0	Tibet (Lhasa)
14.42	50.08	1.0	0	Tschechoslowakei (Prag)
10.22	36.83	1.0	0	Tunesien (Tunis)
28.98	41.03	2.0	0	Türkei (Istanbul)
-5.92	54.58	0.0	0	UK (Belfast)
-0.17	51.50	0.0	0	UK (London)
-2.12	49.20	0.0	0	UK (St. Helier, Jersey)
19.00	47.50	1.0	0	Ungarn (Budapest)
-92.67	33.21	-5.0	0	USA (AR, El Dorado)
-124.17	40.82	-8.0	0	USA (CA, Eureka)
-118.23	34.05	-8.0	0	USA (CA, Los Angeles)
-122.43	37.77	-8.0	0	USA (CA, San Francisco)
-104.99	39.75	-7.0	0	USA (CO, Denver)
-77.02	38.90	-5.0	0	USA (DC, Washington)
-80.22	25.78	-5.0	0	USA (FL, Miami)
-157.86	21.31	-10.0	0	USA (HI, Honolulu)
-90.19	41.84	-6.0	0	USA (IA, Clinton)
-117.00	46.73	-7.0	0	USA (ID, Moscow)
-83.05	42.33	-5.0	0	USA (MI, Detroit)
-93.26	44.98	-6.0	0	USA (MN, Minneapolis)
-74.00	40.17	-5.0	0	USA (NJ, Ocean Grove)
-74.00	40.75	-5.0	0	USA (NY, New York City)
-73.77	41.81	-5.0	0	USA (NY, Valhalla)
-122.33	47.60	-8.0	0	USA (WA, Seattle)
-87.90	43.04	-6.0	0	USA (WI, Milwaakee)
-87.90	43.04	-6.0	0	USA (WI, Milwaukee)
-66.93	10.58	-4.5	0	Venezuela (Caracas)
29.85	-18.92	2.0	0	Zimbabwe (Que Que)
14.28	48.30	1.0	266	Österreich (Linz)
15.62	47.90	1.0	488	Österreich (Hohenberg)
13.03	48.20	1.0	398	Österreich (Braunau)
8.40	49.02	1.0	115	Deutschland(Karlsruhe)
9.18	47.67	1.0	405	Deutschland (Konstanz)
8.47	49.48	1.0	97	Deutschland (Mannheim)
9.98	48.40	1.0	478	Deutschland (Ulm)
51.57	25.25	3.0	11	Qatar (Doha)
18.60 -33.98	2.0	46	Südafrika (Kapstadt)
15.63	48.42	1.0	193	Österreich (Krems)
13.78	47.62	1.0	659	Österreich (Bad Aussee)
120.18	22.98	1.0	10	Taiwan(Tainan)
32.48	34.57	2.0	11	Griechenland (Paphos)
-79.00	-2.88	-5.0	2560	Ecuador (Cuenca)
15.97	45.80	1.0	123	Zagreb
85.08	25.62	6.0	54	Indien (Patna)
0.00	0.00	0.0	0	
0.00	0.00	0.0	0	
106.60	29.40	8.0	432	cq_1
